0 verbose cli D:\Tool\Node\nodejs\node.exe D:\Tool\Node\nodejs\node_modules\npm\bin\npm-cli.js
1 info using npm@11.6.2
2 info using node@v24.12.0
3 silly config load:file:D:\Tool\Node\nodejs\node_modules\npm\npmrc
4 silly config load:file:D:\ai-sky\project-sky-admin-vue-ts-main\project-sky-admin-vue-ts-main\.npmrc
5 silly config load:file:C:\Users\gml\.npmrc
6 silly config load:file:D:\Tool\Node\nodejs\node_global\etc\npmrc
7 verbose title npm install
8 verbose argv "install" "--cache" ".npm-cache"
9 verbose logfile logs-max:10 dir:D:\ai-sky\project-sky-admin-vue-ts-main\project-sky-admin-vue-ts-main\.npm-cache\_logs\2026-03-14T05_16_12_958Z-
10 verbose logfile D:\ai-sky\project-sky-admin-vue-ts-main\project-sky-admin-vue-ts-main\.npm-cache\_logs\2026-03-14T05_16_12_958Z-debug-0.log
11 silly logfile done cleaning log files
12 silly packumentCache heap:4496293888 maxSize:1124073472 maxEntrySize:562036736
13 silly idealTree buildDeps
14 silly fetch manifest eslint@^5.0.0
15 silly packumentCache full:https://registry.npmjs.org/eslint cache-miss
16 http fetch GET 200 https://registry.npmjs.org/eslint 1850ms (cache miss)
17 silly packumentCache full:https://registry.npmjs.org/eslint set size:undefined disposed:false
18 warn ERESOLVE overriding peer dependency {
18 warn ERESOLVE   code: 'ERESOLVE',
18 warn ERESOLVE   edge: {
18 warn ERESOLVE     type: 'peer',
18 warn ERESOLVE     name: 'eslint',
18 warn ERESOLVE     spec: '^5.0.0',
18 warn ERESOLVE     error: 'INVALID',
18 warn ERESOLVE     from: {
18 warn ERESOLVE       name: '@typescript-eslint/eslint-plugin',
18 warn ERESOLVE       version: '1.13.0',
18 warn ERESOLVE       location: 'node_modules/@typescript-eslint/eslint-plugin',
18 warn ERESOLVE       isWorkspace: false,
18 warn ERESOLVE       dependents: [Array]
18 warn ERESOLVE     }
18 warn ERESOLVE   },
18 warn ERESOLVE   dep: {
18 warn ERESOLVE     name: 'eslint',
18 warn ERESOLVE     version: '5.16.0',
18 warn ERESOLVE     whileInstalling: {
18 warn ERESOLVE       name: '@typescript-eslint/eslint-plugin',
18 warn ERESOLVE       version: '1.13.0',
18 warn ERESOLVE       path: 'D:\\ai-sky\\project-sky-admin-vue-ts-main\\project-sky-admin-vue-ts-main\\node_modules\\@typescript-eslint\\eslint-plugin'
18 warn ERESOLVE     },
18 warn ERESOLVE     location: 'node_modules/eslint',
18 warn ERESOLVE     isWorkspace: false,
18 warn ERESOLVE     dependents: [ [Object] ]
18 warn ERESOLVE   },
18 warn ERESOLVE   force: false,
18 warn ERESOLVE   isMine: false,
18 warn ERESOLVE   strictPeerDeps: false,
18 warn ERESOLVE   current: {
18 warn ERESOLVE     name: 'eslint',
18 warn ERESOLVE     version: '6.7.2',
18 warn ERESOLVE     location: 'node_modules/eslint',
18 warn ERESOLVE     isWorkspace: false,
18 warn ERESOLVE     dependents: [
18 warn ERESOLVE       [Object], [Object],
18 warn ERESOLVE       [Object], [Object],
18 warn ERESOLVE       [Object], [Object],
18 warn ERESOLVE       [Object], [Object],
18 warn ERESOLVE       [Object], [Object],
18 warn ERESOLVE       [Object]
18 warn ERESOLVE     ]
18 warn ERESOLVE   },
18 warn ERESOLVE   peerConflict: {
18 warn ERESOLVE     current: {
18 warn ERESOLVE       name: 'eslint',
18 warn ERESOLVE       version: '6.7.2',
18 warn ERESOLVE       location: 'node_modules/eslint',
18 warn ERESOLVE       isWorkspace: false,
18 warn ERESOLVE       dependents: [Array]
18 warn ERESOLVE     },
18 warn ERESOLVE     peer: {
18 warn ERESOLVE       name: 'eslint',
18 warn ERESOLVE       version: '5.16.0',
18 warn ERESOLVE       whileInstalling: [Object],
18 warn ERESOLVE       location: 'node_modules/eslint',
18 warn ERESOLVE       isWorkspace: false,
18 warn ERESOLVE       dependents: [Array]
18 warn ERESOLVE     }
18 warn ERESOLVE   }
18 warn ERESOLVE }
19 warn ERESOLVE overriding peer dependency {
19 warn ERESOLVE   code: 'ERESOLVE',
19 warn ERESOLVE   edge: {
19 warn ERESOLVE     type: 'peer',
19 warn ERESOLVE     name: 'eslint',
19 warn ERESOLVE     spec: '^5.0.0',
19 warn ERESOLVE     error: 'INVALID',
19 warn ERESOLVE     from: {
19 warn ERESOLVE       name: '@typescript-eslint/parser',
19 warn ERESOLVE       version: '1.13.0',
19 warn ERESOLVE       location: 'node_modules/@typescript-eslint/parser',
19 warn ERESOLVE       isWorkspace: false,
19 warn ERESOLVE       dependents: [Array]
19 warn ERESOLVE     }
19 warn ERESOLVE   },
19 warn ERESOLVE   dep: {
19 warn ERESOLVE     name: 'eslint',
19 warn ERESOLVE     version: '5.16.0',
19 warn ERESOLVE     whileInstalling: {
19 warn ERESOLVE       name: '@typescript-eslint/parser',
19 warn ERESOLVE       version: '1.13.0',
19 warn ERESOLVE       path: 'D:\\ai-sky\\project-sky-admin-vue-ts-main\\project-sky-admin-vue-ts-main\\node_modules\\@typescript-eslint\\parser'
19 warn ERESOLVE     },
19 warn ERESOLVE     location: 'node_modules/eslint',
19 warn ERESOLVE     isWorkspace: false,
19 warn ERESOLVE     dependents: [ [Object] ]
19 warn ERESOLVE   },
19 warn ERESOLVE   force: false,
19 warn ERESOLVE   isMine: false,
19 warn ERESOLVE   strictPeerDeps: false,
19 warn ERESOLVE   current: {
19 warn ERESOLVE     name: 'eslint',
19 warn ERESOLVE     version: '6.7.2',
19 warn ERESOLVE     location: 'node_modules/eslint',
19 warn ERESOLVE     isWorkspace: false,
19 warn ERESOLVE     dependents: [
19 warn ERESOLVE       [Object], [Object],
19 warn ERESOLVE       [Object], [Object],
19 warn ERESOLVE       [Object], [Object],
19 warn ERESOLVE       [Object], [Object],
19 warn ERESOLVE       [Object], [Object],
19 warn ERESOLVE       [Object]
19 warn ERESOLVE     ]
19 warn ERESOLVE   },
19 warn ERESOLVE   peerConflict: {
19 warn ERESOLVE     current: {
19 warn ERESOLVE       name: 'eslint',
19 warn ERESOLVE       version: '6.7.2',
19 warn ERESOLVE       location: 'node_modules/eslint',
19 warn ERESOLVE       isWorkspace: false,
19 warn ERESOLVE       dependents: [Array]
19 warn ERESOLVE     },
19 warn ERESOLVE     peer: {
19 warn ERESOLVE       name: 'eslint',
19 warn ERESOLVE       version: '5.16.0',
19 warn ERESOLVE       whileInstalling: [Object],
19 warn ERESOLVE       location: 'node_modules/eslint',
19 warn ERESOLVE       isWorkspace: false,
19 warn ERESOLVE       dependents: [Array]
19 warn ERESOLVE     }
19 warn ERESOLVE   }
19 warn ERESOLVE }
20 http fetch GET 200 https://registry.npmjs.org/npm 2561ms
21 verbose stack Error: could not resolve
21 verbose stack     at PlaceDep.failPeerConflict (D:\Tool\Node\nodejs\node_modules\npm\node_modules\@npmcli\arborist\lib\place-dep.js:503:25)
21 verbose stack     at new PlaceDep (D:\Tool\Node\nodejs\node_modules\npm\node_modules\@npmcli\arborist\lib\place-dep.js:157:21)
21 verbose stack     at #buildDepStep (D:\Tool\Node\nodejs\node_modules\npm\node_modules\@npmcli\arborist\lib\arborist\build-ideal-tree.js:945:18)
21 verbose stack     at async Arborist.buildIdealTree (D:\Tool\Node\nodejs\node_modules\npm\node_modules\@npmcli\arborist\lib\arborist\build-ideal-tree.js:182:7)
21 verbose stack     at async Promise.all (index 1)
21 verbose stack     at async Arborist.reify (D:\Tool\Node\nodejs\node_modules\npm\node_modules\@npmcli\arborist\lib\arborist\reify.js:114:5)
21 verbose stack     at async Install.exec (D:\Tool\Node\nodejs\node_modules\npm\lib\commands\install.js:150:5)
21 verbose stack     at async Npm.exec (D:\Tool\Node\nodejs\node_modules\npm\lib\npm.js:208:9)
21 verbose stack     at async module.exports (D:\Tool\Node\nodejs\node_modules\npm\lib\cli\entry.js:67:5)
22 error code ERESOLVE
23 error ERESOLVE could not resolve
24 error
25 error While resolving: eslint-plugin-vue@5.2.3
25 error Found: eslint@6.7.2[2m[22m
25 error [2mnode_modules/eslint[22m
25 error   [34mdev[39m eslint@"^6.2.2" from the root project
25 error   [95mpeer[39m eslint@"*" from @typescript-eslint/experimental-utils@1.13.0[2m[22m
25 error   [2mnode_modules/@typescript-eslint/experimental-utils[22m
25 error     @typescript-eslint/experimental-utils@"1.13.0" from @typescript-eslint/eslint-plugin@1.13.0[2m[22m
25 error     [2mnode_modules/@typescript-eslint/eslint-plugin[22m
25 error       @typescript-eslint/eslint-plugin@"^1.1.0" from @vue/eslint-config-typescript@4.0.0[2m[22m
25 error       [2mnode_modules/@vue/eslint-config-typescript[22m
25 error         [34mdev[39m @vue/eslint-config-typescript@"^4.0.0" from the root project
25 error     @typescript-eslint/experimental-utils@"1.13.0" from @typescript-eslint/parser@1.13.0[2m[22m
25 error     [2mnode_modules/@typescript-eslint/parser[22m
25 error       [95mpeer[39m @typescript-eslint/parser@"^1.9.0" from @typescript-eslint/eslint-plugin@1.13.0[2m[22m
25 error       [2mnode_modules/@typescript-eslint/eslint-plugin[22m
25 error         @typescript-eslint/eslint-plugin@"^1.1.0" from @vue/eslint-config-typescript@4.0.0[2m[22m
25 error         [2mnode_modules/@vue/eslint-config-typescript[22m
25 error       1 more (@vue/eslint-config-typescript)
25 error   9 more (babel-eslint, eslint-config-standard, eslint-loader, ...)
25 error
25 error Could not resolve dependency:
25 error [95mpeer[39m eslint@"^5.0.0" from eslint-plugin-vue@5.2.3[2m[22m
25 error [2mnode_modules/eslint-plugin-vue[22m
25 error   [34mdev[39m eslint-plugin-vue@"^5.2.3" from the root project
25 error
25 error Conflicting peer dependency: eslint@5.16.0[2m[22m
25 error [2mnode_modules/eslint[22m
25 error   [95mpeer[39m eslint@"^5.0.0" from eslint-plugin-vue@5.2.3[2m[22m
25 error   [2mnode_modules/eslint-plugin-vue[22m
25 error     [34mdev[39m eslint-plugin-vue@"^5.2.3" from the root project
25 error
25 error Fix the upstream dependency conflict, or retry
25 error this command with --force or --legacy-peer-deps
25 error to accept an incorrect (and potentially broken) dependency resolution.
26 error
26 error
26 error For a full report see:
26 error D:\ai-sky\project-sky-admin-vue-ts-main\project-sky-admin-vue-ts-main\.npm-cache\_logs\2026-03-14T05_16_12_958Z-eresolve-report.txt
27 silly unfinished npm timer reify 1773465374147
28 silly unfinished npm timer reify:loadTrees 1773465374148
29 silly unfinished npm timer idealTree:buildDeps 1773465374803
30 silly unfinished npm timer idealTree:node_modules/eslint-plugin-vue 1773465376677
31 verbose cwd D:\ai-sky\project-sky-admin-vue-ts-main\project-sky-admin-vue-ts-main
32 verbose os Windows_NT 10.0.22631
33 verbose node v24.12.0
34 verbose npm  v11.6.2
35 notice
35 notice New [33mminor[39m version of npm available! [33m11.6.2[39m -> [34m11.11.1[39m
35 notice Changelog: [34mhttps://github.com/npm/cli/releases/tag/v11.11.1[39m
35 notice To update run: [4mnpm install -g npm@11.11.1[24m
35 notice  { force: true, Symbol(proc-log.meta): true }
36 verbose exit 1
37 verbose code 1
38 error A complete log of this run can be found in: D:\ai-sky\project-sky-admin-vue-ts-main\project-sky-admin-vue-ts-main\.npm-cache\_logs\2026-03-14T05_16_12_958Z-debug-0.log
